<?xml version="1.0" encoding="UTF-8"?>
<!-- Generated by org.testng.reporters.JUnitReportReporter -->
<testsuite hostname="DESKTOP-7AHT2H7" failures="0" tests="1" name="demoWebShop.LoginTest" time="17.563" errors="0" timestamp="2022-08-23T17:49:25 IST" skipped="0">
  <testcase classname="demoWebShop.LoginTest" name="Login" time="17.563"/>
  <system-out/>
</testsuite> <!-- demoWebShop.LoginTest -->
