<?xml version="1.0" encoding="UTF-8"?>
<!-- Generated by org.testng.reporters.JUnitReportReporter -->
<testsuite hostname="DESKTOP-7AHT2H7" failures="0" tests="1" name="demoWebShop.RegisterTest" time="55.475" errors="0" timestamp="2022-08-23T17:21:17 IST" skipped="0">
  <testcase classname="demoWebShop.RegisterTest" name="Register" time="55.475"/>
  <system-out/>
</testsuite> <!-- demoWebShop.RegisterTest -->
