<?xml version="1.0" encoding="UTF-8"?>
<!-- Generated by org.testng.reporters.JUnitReportReporter -->
<testsuite hostname="DESKTOP-7AHT2H7" failures="0" tests="1" name="demoWebShop.ShoppingCartTest" time="100.682" errors="0" timestamp="2022-08-23T22:11:30 IST" skipped="0">
  <testcase classname="demoWebShop.ShoppingCartTest" name="ShoppingCart" time="100.682"/>
  <system-out/>
</testsuite> <!-- demoWebShop.ShoppingCartTest -->
