<?xml version="1.0" encoding="UTF-8"?>
<!-- Generated by org.testng.reporters.JUnitReportReporter -->
<testsuite hostname="DESKTOP-7AHT2H7" failures="0" tests="1" name="demoWebShop.WishlistTest" time="39.801" errors="0" timestamp="2022-08-24T11:09:38 IST" skipped="0">
  <testcase classname="demoWebShop.WishlistTest" name="Wishlist" time="39.801"/>
  <system-out/>
</testsuite> <!-- demoWebShop.WishlistTest -->
