<?xml version="1.0" encoding="UTF-8"?>
<!-- Generated by org.testng.reporters.JUnitReportReporter -->
<testsuite hostname="DESKTOP-7AHT2H7" failures="0" tests="2" name="demoWebShop.RegisterTestCase" time="26.691" errors="0" timestamp="2022-08-24T14:57:15 IST" skipped="0">
  <testcase classname="demoWebShop.RegisterTestCase" name="RegisterTest" time="14.093"/>
  <system-out/>
  <testcase classname="demoWebShop.RegisterTestCase" name="testcase1" time="12.598"/>
  <system-out/>
</testsuite> <!-- demoWebShop.RegisterTestCase -->
