<?xml version="1.0" encoding="UTF-8"?>
<!-- Generated by org.testng.reporters.JUnitReportReporter -->
<testsuite skipped="0" hostname="DESKTOP-7AHT2H7" name="demoWebShop.LoginTest" tests="1" failures="0" timestamp="2022-08-24T15:57:37 IST" time="15.784" errors="0">
  <testcase name="Login" time="15.784" classname="demoWebShop.LoginTest"/>
  <system-out/>
</testsuite> <!-- demoWebShop.LoginTest -->
