<?xml version="1.0" encoding="UTF-8"?>
<!-- Generated by org.testng.reporters.JUnitReportReporter -->
<testsuite skipped="0" hostname="DESKTOP-7AHT2H7" name="demoWebShop.WishlistTest" tests="1" failures="0" timestamp="2022-08-24T15:57:37 IST" time="46.462" errors="0">
  <testcase name="Wishlist" time="46.462" classname="demoWebShop.WishlistTest"/>
  <system-out/>
</testsuite> <!-- demoWebShop.WishlistTest -->
