<?xml version="1.0" encoding="UTF-8"?>
<!-- Generated by org.testng.reporters.JUnitReportReporter -->
<testsuite skipped="0" hostname="DESKTOP-7AHT2H7" name="demoWebShop.ShoppingCartTest" tests="1" failures="0" timestamp="2022-08-24T15:57:37 IST" time="47.941" errors="0">
  <testcase name="ShoppingCart" time="47.941" classname="demoWebShop.ShoppingCartTest"/>
  <system-out/>
</testsuite> <!-- demoWebShop.ShoppingCartTest -->
