<?xml version="1.0" encoding="UTF-8"?>
<!-- Generated by org.testng.reporters.JUnitReportReporter -->
<testsuite skipped="0" hostname="DESKTOP-7AHT2H7" name="demoWebShop.Register1Test" tests="1" failures="0" timestamp="2022-08-24T15:57:37 IST" time="2.350" errors="0">
  <testcase name="RegisterTest" time="2.350" classname="demoWebShop.Register1Test"/>
  <system-out/>
</testsuite> <!-- demoWebShop.Register1Test -->
