<?xml version="1.0" encoding="UTF-8"?>
<!-- Generated by org.testng.reporters.JUnitReportReporter -->
<testsuite skipped="0" hostname="DESKTOP-7AHT2H7" name="demoWebShop.Login1Test" tests="1" failures="0" timestamp="2022-08-24T15:57:37 IST" time="8.735" errors="0">
  <testcase name="Login1" time="8.735" classname="demoWebShop.Login1Test"/>
  <system-out/>
</testsuite> <!-- demoWebShop.Login1Test -->
